INFO: Running with entropic power schedule (0xFF, 100).
INFO: Seed: 1161099675
INFO: Loaded 1 modules   (12 inline 8-bit counters): 12 [0x524240, 0x52424c), 
INFO: Loaded 1 PC tables (12 PCs): 12 [0x4ec990,0x4eca50), 
MERGE-OUTER: 14 files, 0 in the initial corpus, 0 processed earlier
MERGE-OUTER: attempt 1
INFO: Running with entropic power schedule (0xFF, 100).
INFO: Seed: 1161116491
INFO: Loaded 1 modules   (12 inline 8-bit counters): 12 [0x524240, 0x52424c), 
INFO: Loaded 1 PC tables (12 PCs): 12 [0x4ec990,0x4eca50), 
INFO: -max_len is not provided; libFuzzer will not generate inputs larger than 1048576 bytes
MERGE-INNER: using the control file '/tmp/libFuzzerTemp.Merge77.txt'
MERGE-INNER: 14 total files; 0 processed earlier; will process 14 files now
#1	pulse  cov: 3 ft: 3 exec/s: 0 rss: 27Mb
#2	pulse  cov: 4 ft: 4 exec/s: 0 rss: 27Mb
#4	pulse  cov: 5 ft: 8 exec/s: 0 rss: 27Mb
#8	pulse  cov: 5 ft: 13 exec/s: 0 rss: 27Mb
#14	DONE   cov: 5 ft: 19 exec/s: 0 rss: 27Mb





d









8=9
A
2
¿












+
+¿


¿


+
+
MERGE-OUTER: successful in 1 attempt(s)
MERGE-OUTER: the control file has 1549 bytes
MERGE-OUTER: consumed 0Mb (27Mb rss) to parse the control file
MERGE-OUTER: 11 new files with 19 new features added; 5 new coverage edges
